Traceback (most recent call last):
  File "simulation.py", line 119, in <module>
    time.sleep(120)
KeyboardInterrupt
99.5â‚¬ vorhanden!
0.5157578270785819 ETH gekauft!
Traceback (most recent call last):
  File "/usr/local/lib/python3.7/dist-packages/urllib3/connection.py", line 160, in _new_conn
    (self._dns_host, self.port), self.timeout, **extra_kw)
  File "/usr/local/lib/python3.7/dist-packages/urllib3/util/connection.py", line 57, in create_connection
    for res in socket.getaddrinfo(host, port, family, socket.SOCK_STREAM):
  File "/usr/lib/python3.7/socket.py", line 748, in getaddrinfo
    for res in _socket.getaddrinfo(host, port, family, type, proto, flags):
socket.gaierror: [Errno -3] Temporary failure in name resolution

During handling of the above exception, another exception occurred:

Traceback (most recent call last):
  File "/usr/local/lib/python3.7/dist-packages/urllib3/connectionpool.py", line 603, in urlopen
    chunked=chunked)
  File "/usr/local/lib/python3.7/dist-packages/urllib3/connectionpool.py", line 344, in _make_request
    self._validate_conn(conn)
  File "/usr/local/lib/python3.7/dist-packages/urllib3/connectionpool.py", line 843, in _validate_conn
    conn.connect()
  File "/usr/local/lib/python3.7/dist-packages/urllib3/connection.py", line 316, in connect
    conn = self._new_conn()
  File "/usr/local/lib/python3.7/dist-packages/urllib3/connection.py", line 169, in _new_conn
    self, "Failed to establish a new connection: %s" % e)
urllib3.exceptions.NewConnectionError: <urllib3.connection.VerifiedHTTPSConnection object at 0xb58ce950>: Failed to establish a new connection: [Errno -3] Temporary failure in name resolution

During handling of the above exception, another exception occurred:

Traceback (most recent call last):
  File "/usr/local/lib/python3.7/dist-packages/requests/adapters.py", line 449, in send
    timeout=timeout
  File "/usr/local/lib/python3.7/dist-packages/urllib3/connectionpool.py", line 641, in urlopen
    _stacktrace=sys.exc_info()[2])
  File "/usr/local/lib/python3.7/dist-packages/urllib3/util/retry.py", line 399, in increment
    raise MaxRetryError(_pool, url, error or ResponseError(cause))
urllib3.exceptions.MaxRetryError: HTTPSConnectionPool(host='api.pro.coinbase.com', port=443): Max retries exceeded with url: /products/ETH-EUR/ticker (Caused by NewConnectionError('<urllib3.connection.VerifiedHTTPSConnection object at 0xb58ce950>: Failed to establish a new connection: [Errno -3] Temporary failure in name resolution'))

During handling of the above exception, another exception occurred:

Traceback (most recent call last):
  File "simulation.py", line 105, in <module>
    eth = client.get_product_ticker("ETH-EUR")
  File "/home/pi/.local/lib/python3.7/site-packages/coinbasepro/public_client.py", line 180, in get_product_ticker
    rate_limiter=self.p_rate_limiter)
  File "/home/pi/.local/lib/python3.7/site-packages/coinbasepro/public_client.py", line 443, in _send_message
    timeout=self.request_timeout)
  File "/usr/local/lib/python3.7/dist-packages/requests/sessions.py", line 533, in request
    resp = self.send(prep, **send_kwargs)
  File "/usr/local/lib/python3.7/dist-packages/requests/sessions.py", line 646, in send
    r = adapter.send(request, **kwargs)
  File "/usr/local/lib/python3.7/dist-packages/requests/adapters.py", line 516, in send
    raise ConnectionError(e, request=request)
requests.exceptions.ConnectionError: HTTPSConnectionPool(host='api.pro.coinbase.com', port=443): Max retries exceeded with url: /products/ETH-EUR/ticker (Caused by NewConnectionError('<urllib3.connection.VerifiedHTTPSConnection object at 0xb58ce950>: Failed to establish a new connection: [Errno -3] Temporary failure in name resolution'))
